# JRE version: Java(TM) SE Runtime Environment (22.0.1+8) (build 22.0.1+8-16)
# Java VM: Java HotSpot(TM) 64-Bit Server VM (22.0.1+8-16, mixed mode, sharing, tiered, compressed oops, compressed class ptrs, g1 gc, windows-amd64)
GC Precious Log:
 CardTable entry size: 512
 Card Set container configuration: InlinePtr #cards 4 size 8 Array Of Cards #cards 16 size 48 Howl #buckets 8 coarsen threshold 3686 Howl Bitmap #cards 512 size 80 coarsen threshold 460 Card regions per heap region 1 cards per card region 4096
 CPUs: 8 total, 8 available
 Memory: 12010M
 Large Page Support: Disabled
 NUMA Support: Disabled
 Compressed Oops: Enabled (Zero based)
 Heap Region Size: 2M
 Heap Min Capacity: 8M
 Heap Initial Capacity: 188M
 Heap Max Capacity: 3004M
 Pre-touch: Disabled
 Parallel Workers: 8
 Concurrent Workers: 2
 Concurrent Refinement Workers: 8
 Periodic GC: Disabled
Heap:
 garbage-first heap   total reserved 3076096K, committed 684032K, used 652610K [0x0000000744400000, 0x0000000800000000)
  region size 2048K, 61 young (124928K), 8 survivors (16384K)
 Metaspace       used 49696K, committed 50368K, reserved 1114112K
  class space    used 6413K, committed 6720K, reserved 1048576K
GC Heap History (20 events):
Event: 187.236 GC heap after
{Heap after GC invocations=29 (full 0):
 garbage-first heap   total reserved 3076096K, committed 358400K, used 248895K [0x0000000744400000, 0x0000000800000000)
  region size 2048K, 4 young (8192K), 4 survivors (8192K)
 Metaspace       used 49346K, committed 50048K, reserved 1114112K
  class space    used 6411K, committed 6720K, reserved 1048576K
}
Event: 191.431 GC heap before
{Heap before GC invocations=29 (full 0):
 garbage-first heap   total reserved 3076096K, committed 358400K, used 332863K [0x0000000744400000, 0x0000000800000000)
  region size 2048K, 31 young (63488K), 4 survivors (8192K)
 Metaspace       used 49362K, committed 50048K, reserved 1114112K
  class space    used 6411K, committed 6720K, reserved 1048576K
}
Event: 191.435 GC heap after
{Heap after GC invocations=30 (full 0):
 garbage-first heap   total reserved 3076096K, committed 358400K, used 241129K [0x0000000744400000, 0x0000000800000000)
  region size 2048K, 4 young (8192K), 4 survivors (8192K)
 Metaspace       used 49362K, committed 50048K, reserved 1114112K
  class space    used 6411K, committed 6720K, reserved 1048576K
}
Event: 191.438 GC heap before
{Heap before GC invocations=30 (full 0):
 garbage-first heap   total reserved 3076096K, committed 358400K, used 249321K [0x0000000744400000, 0x0000000800000000)
  region size 2048K, 10 young (20480K), 4 survivors (8192K)
 Metaspace       used 49362K, committed 50048K, reserved 1114112K
  class space    used 6411K, committed 6720K, reserved 1048576K
}
Event: 191.440 GC heap after
{Heap after GC invocations=31 (full 0):
 garbage-first heap   total reserved 3076096K, committed 358400K, used 246561K [0x0000000744400000, 0x0000000800000000)
  region size 2048K, 3 young (6144K), 3 survivors (6144K)
 Metaspace       used 49362K, committed 50048K, reserved 1114112K
  class space    used 6411K, committed 6720K, reserved 1048576K
}
Event: 283.339 GC heap before
{Heap before GC invocations=32 (full 0):
 garbage-first heap   total reserved 3076096K, committed 425984K, used 422689K [0x0000000744400000, 0x0000000800000000)
  region size 2048K, 34 young (69632K), 3 survivors (6144K)
 Metaspace       used 49437K, committed 50112K, reserved 1114112K
  class space    used 6411K, committed 6720K, reserved 1048576K
}
Event: 283.342 GC heap after
{Heap after GC invocations=33 (full 0):
 garbage-first heap   total reserved 3076096K, committed 442368K, used 289619K [0x0000000744400000, 0x0000000800000000)
  region size 2048K, 5 young (10240K), 5 survivors (10240K)
 Metaspace       used 49437K, committed 50112K, reserved 1114112K
  class space    used 6411K, committed 6720K, reserved 1048576K
}
Event: 323.302 GC heap before
{Heap before GC invocations=33 (full 0):
 garbage-first heap   total reserved 3076096K, committed 524288K, used 514899K [0x0000000744400000, 0x0000000800000000)
  region size 2048K, 46 young (94208K), 5 survivors (10240K)
 Metaspace       used 49545K, committed 50240K, reserved 1114112K
  class space    used 6413K, committed 6720K, reserved 1048576K
}
Event: 323.305 GC heap after
{Heap after GC invocations=34 (full 0):
 garbage-first heap   total reserved 3076096K, committed 530432K, used 335615K [0x0000000744400000, 0x0000000800000000)
  region size 2048K, 2 young (4096K), 2 survivors (4096K)
 Metaspace       used 49545K, committed 50240K, reserved 1114112K
  class space    used 6413K, committed 6720K, reserved 1048576K
}
Event: 324.296 GC heap before
{Heap before GC invocations=34 (full 0):
 garbage-first heap   total reserved 3076096K, committed 530432K, used 339711K [0x0000000744400000, 0x0000000800000000)
  region size 2048K, 6 young (12288K), 2 survivors (4096K)
 Metaspace       used 49547K, committed 50240K, reserved 1114112K
  class space    used 6413K, committed 6720K, reserved 1048576K
}
Event: 324.298 GC heap after
{Heap after GC invocations=35 (full 0):
 garbage-first heap   total reserved 3076096K, committed 530432K, used 338775K [0x0000000744400000, 0x0000000800000000)
  region size 2048K, 3 young (6144K), 3 survivors (6144K)
 Metaspace       used 49547K, committed 50240K, reserved 1114112K
  class space    used 6413K, committed 6720K, reserved 1048576K
}
Event: 344.999 GC heap before
{Heap before GC invocations=36 (full 0):
 garbage-first heap   total reserved 3076096K, committed 530432K, used 505690K [0x0000000744400000, 0x0000000800000000)
  region size 2048K, 66 young (135168K), 3 survivors (6144K)
 Metaspace       used 49617K, committed 50304K, reserved 1114112K
  class space    used 6413K, committed 6720K, reserved 1048576K
}
Event: 345.002 GC heap after
{Heap after GC invocations=37 (full 0):
 garbage-first heap   total reserved 3076096K, committed 530432K, used 244177K [0x0000000744400000, 0x0000000800000000)
  region size 2048K, 4 young (8192K), 4 survivors (8192K)
 Metaspace       used 49617K, committed 50304K, reserved 1114112K
  class space    used 6413K, committed 6720K, reserved 1048576K
}
Event: 352.665 GC heap before
{Heap before GC invocations=37 (full 0):
 garbage-first heap   total reserved 3076096K, committed 542720K, used 539089K [0x0000000744400000, 0x0000000800000000)
  region size 2048K, 47 young (96256K), 4 survivors (8192K)
 Metaspace       used 49625K, committed 50304K, reserved 1114112K
  class space    used 6413K, committed 6720K, reserved 1048576K
}
Event: 352.671 GC heap after
{Heap after GC invocations=38 (full 0):
 garbage-first heap   total reserved 3076096K, committed 575488K, used 344677K [0x0000000744400000, 0x0000000800000000)
  region size 2048K, 15 young (30720K), 15 survivors (30720K)
 Metaspace       used 49625K, committed 50304K, reserved 1114112K
  class space    used 6413K, committed 6720K, reserved 1048576K
}
Event: 354.320 GC heap before
{Heap before GC invocations=38 (full 0):
 garbage-first heap   total reserved 3076096K, committed 575488K, used 352869K [0x0000000744400000, 0x0000000800000000)
  region size 2048K, 21 young (43008K), 15 survivors (30720K)
 Metaspace       used 49626K, committed 50304K, reserved 1114112K
  class space    used 6413K, committed 6720K, reserved 1048576K
}
Event: 354.326 GC heap after
{Heap after GC invocations=39 (full 0):
 garbage-first heap   total reserved 3076096K, committed 575488K, used 348278K [0x0000000744400000, 0x0000000800000000)
  region size 2048K, 2 young (4096K), 2 survivors (4096K)
 Metaspace       used 49626K, committed 50304K, reserved 1114112K
  class space    used 6413K, committed 6720K, reserved 1048576K
}
Event: 368.662 GC heap before
{Heap before GC invocations=40 (full 0):
 garbage-first heap   total reserved 3076096K, committed 638976K, used 610422K [0x0000000744400000, 0x0000000800000000)
  region size 2048K, 70 young (143360K), 2 survivors (4096K)
 Metaspace       used 49672K, committed 50304K, reserved 1114112K
  class space    used 6413K, committed 6720K, reserved 1048576K
}
Event: 368.675 GC heap after
{Heap after GC invocations=41 (full 0):
 garbage-first heap   total reserved 3076096K, committed 684032K, used 480953K [0x0000000744400000, 0x0000000800000000)
  region size 2048K, 9 young (18432K), 9 survivors (18432K)
 Metaspace       used 49672K, committed 50304K, reserved 1114112K
  class space    used 6413K, committed 6720K, reserved 1048576K
}
Event: 371.318 GC heap before
{Heap before GC invocations=41 (full 0):
 garbage-first heap   total reserved 3076096K, committed 684032K, used 650937K [0x0000000744400000, 0x0000000800000000)
  region size 2048K, 62 young (126976K), 9 survivors (18432K)
 Metaspace       used 49696K, committed 50368K, reserved 1114112K
  class space    used 6413K, committed 6720K, reserved 1048576K
}

